<?xml version="1.0" encoding="UTF-8"?>
<testng-results skipped="2" failed="0" total="2" passed="0">
  <reporter-output>
  </reporter-output>
  <suite name="Default suite" duration-ms="3269" started-at="2016-05-22T05:47:45Z" finished-at="2016-05-22T05:47:48Z">
    <groups>
    </groups>
    <test name="Default test" duration-ms="3269" started-at="2016-05-22T05:47:45Z" finished-at="2016-05-22T05:47:48Z">
      <class name="com.shaw.TestCases.RunnerPartner">
        <test-method status="PASS" signature="beforeClass()[pri:0, instance:com.shaw.TestCases.RunnerPartner@2a2d45ba]" name="beforeClass" is-config="true" duration-ms="3206" started-at="2016-05-22T11:17:45Z" finished-at="2016-05-22T11:17:48Z">
          <reporter-output>
          </reporter-output>
        </test-method> <!-- beforeClass -->
        <test-method status="FAIL" signature="beforeMethod(java.lang.String)[pri:0, instance:com.shaw.TestCases.RunnerPartner@2a2d45ba]" name="beforeMethod" is-config="true" duration-ms="0" started-at="2016-05-22T11:17:48Z" finished-at="2016-05-22T11:17:48Z">
          <exception class="org.testng.TestNGException">
            <message>
              <![CDATA[
Parameter 'Partner_Name' is required by @Configuration on method beforeMethod but has not been marked @Optional or defined
in /private/var/folders/nr/969qz32j507flx8czz7_9zm00000gn/T/testng-eclipse--830887920/testng-customsuite.xml]]>
            </message>
            <full-stacktrace>
              <![CDATA[org.testng.TestNGException: 
Parameter 'Partner_Name' is required by @Configuration on method beforeMethod but has not been marked @Optional or defined
in /private/var/folders/nr/969qz32j507flx8czz7_9zm00000gn/T/testng-eclipse--830887920/testng-customsuite.xml
	at org.testng.internal.Parameters.createParameters(Parameters.java:154)
	at org.testng.internal.Parameters.createParameters(Parameters.java:361)
	at org.testng.internal.Parameters.createConfigurationParameters(Parameters.java:84)
	at org.testng.internal.Invoker.invokeConfigurations(Invoker.java:202)
	at org.testng.internal.Invoker.invokeMethod(Invoker.java:590)
	at org.testng.internal.Invoker.invokeTestMethod(Invoker.java:823)
	at org.testng.internal.Invoker.invokeTestMethods(Invoker.java:1131)
	at org.testng.internal.TestMethodWorker.invokeTestMethods(TestMethodWorker.java:129)
	at org.testng.internal.TestMethodWorker.run(TestMethodWorker.java:112)
	at org.testng.TestRunner.privateRun(TestRunner.java:778)
	at org.testng.TestRunner.run(TestRunner.java:632)
	at org.testng.SuiteRunner.runTest(SuiteRunner.java:366)
	at org.testng.SuiteRunner.runSequentially(SuiteRunner.java:361)
	at org.testng.SuiteRunner.privateRun(SuiteRunner.java:319)
	at org.testng.SuiteRunner.run(SuiteRunner.java:268)
	at org.testng.SuiteRunnerWorker.runSuite(SuiteRunnerWorker.java:52)
	at org.testng.SuiteRunnerWorker.run(SuiteRunnerWorker.java:86)
	at org.testng.TestNG.runSuitesSequentially(TestNG.java:1225)
	at org.testng.TestNG.runSuitesLocally(TestNG.java:1150)
	at org.testng.TestNG.runSuites(TestNG.java:1075)
	at org.testng.TestNG.run(TestNG.java:1047)
	at org.testng.remote.AbstractRemoteTestNG.run(AbstractRemoteTestNG.java:126)
	at org.testng.remote.RemoteTestNG.initAndRun(RemoteTestNG.java:137)
	at org.testng.remote.RemoteTestNG.main(RemoteTestNG.java:58)
]]>
            </full-stacktrace>
          </exception> <!-- org.testng.TestNGException -->
          <reporter-output>
          </reporter-output>
        </test-method> <!-- beforeMethod -->
        <test-method status="SKIP" signature="First_Page_Registration(java.lang.String, java.lang.String, java.lang.String, java.lang.String, java.lang.String, java.lang.String, java.lang.String, java.lang.String, java.lang.String, java.lang.String, java.lang.String)[pri:0, instance:com.shaw.TestCases.RunnerPartner@2a2d45ba]" name="First_Page_Registration" duration-ms="3" started-at="2016-05-22T11:17:48Z" data-provider="data" finished-at="2016-05-22T11:17:48Z">
          <params>
            <param index="0">
              <value>
                <![CDATA[Diploma in Photography]]>
              </value>
            </param>
            <param index="1">
              <value>
                <![CDATA[English]]>
              </value>
            </param>
            <param index="2">
              <value>
                <![CDATA[Male]]>
              </value>
            </param>
            <param index="3">
              <value>
                <![CDATA[18-21]]>
              </value>
            </param>
            <param index="4">
              <value>
                <![CDATA[Arts]]>
              </value>
            </param>
            <param index="5">
              <value>
                <![CDATA[9am-1pm]]>
              </value>
            </param>
            <param index="6">
              <value>
                <![CDATA[Intermediate]]>
              </value>
            </param>
            <param index="7">
              <value>
                <![CDATA[0-1years]]>
              </value>
            </param>
            <param index="8">
              <value>
                <![CDATA[To generate a second income]]>
              </value>
            </param>
            <param index="9">
              <value>
                <![CDATA[Postgraduate]]>
              </value>
            </param>
            <param index="10">
              <value>
                <![CDATA[Student]]>
              </value>
            </param>
          </params>
          <reporter-output>
          </reporter-output>
        </test-method> <!-- First_Page_Registration -->
        <test-method status="SKIP" signature="afterMethod()[pri:0, instance:com.shaw.TestCases.RunnerPartner@2a2d45ba]" name="afterMethod" is-config="true" duration-ms="0" started-at="2016-05-22T11:17:48Z" finished-at="2016-05-22T11:17:48Z">
          <reporter-output>
          </reporter-output>
        </test-method> <!-- afterMethod -->
        <test-method status="SKIP" signature="beforeMethod(java.lang.String)[pri:0, instance:com.shaw.TestCases.RunnerPartner@2a2d45ba]" name="beforeMethod" is-config="true" duration-ms="0" started-at="2016-05-22T11:17:48Z" finished-at="2016-05-22T11:17:48Z">
          <reporter-output>
          </reporter-output>
        </test-method> <!-- beforeMethod -->
        <test-method status="SKIP" signature="First_Page_Registration(java.lang.String, java.lang.String, java.lang.String, java.lang.String, java.lang.String, java.lang.String, java.lang.String, java.lang.String, java.lang.String, java.lang.String, java.lang.String)[pri:0, instance:com.shaw.TestCases.RunnerPartner@2a2d45ba]" name="First_Page_Registration" duration-ms="2" started-at="2016-05-22T11:17:48Z" data-provider="data" finished-at="2016-05-22T11:17:48Z">
          <params>
            <param index="0">
              <value>
                <![CDATA[Diploma in Photography]]>
              </value>
            </param>
            <param index="1">
              <value>
                <![CDATA[English]]>
              </value>
            </param>
            <param index="2">
              <value>
                <![CDATA[Male]]>
              </value>
            </param>
            <param index="3">
              <value>
                <![CDATA[18-21]]>
              </value>
            </param>
            <param index="4">
              <value>
                <![CDATA[Arts]]>
              </value>
            </param>
            <param index="5">
              <value>
                <![CDATA[9am-1pm]]>
              </value>
            </param>
            <param index="6">
              <value>
                <![CDATA[Intermediate]]>
              </value>
            </param>
            <param index="7">
              <value>
                <![CDATA[0-1years]]>
              </value>
            </param>
            <param index="8">
              <value>
                <![CDATA[To generate a second income]]>
              </value>
            </param>
            <param index="9">
              <value>
                <![CDATA[Postgraduate]]>
              </value>
            </param>
            <param index="10">
              <value>
                <![CDATA[Student]]>
              </value>
            </param>
          </params>
          <reporter-output>
          </reporter-output>
        </test-method> <!-- First_Page_Registration -->
        <test-method status="SKIP" signature="afterMethod()[pri:0, instance:com.shaw.TestCases.RunnerPartner@2a2d45ba]" name="afterMethod" is-config="true" duration-ms="0" started-at="2016-05-22T11:17:48Z" finished-at="2016-05-22T11:17:48Z">
          <reporter-output>
          </reporter-output>
        </test-method> <!-- afterMethod -->
        <test-method status="SKIP" signature="afterClass()[pri:0, instance:com.shaw.TestCases.RunnerPartner@2a2d45ba]" name="afterClass" is-config="true" duration-ms="0" started-at="2016-05-22T11:17:48Z" finished-at="2016-05-22T11:17:48Z">
          <reporter-output>
          </reporter-output>
        </test-method> <!-- afterClass -->
      </class> <!-- com.shaw.TestCases.RunnerPartner -->
    </test> <!-- Default test -->
  </suite> <!-- Default suite -->
</testng-results>
